  [1m[36m (2.2ms)[0m  [1mCREATE TABLE "schema_migrations" ("version" varchar NOT NULL) [0m
  [1m[35m (0.1ms)[0m  select sqlite_version(*)
  [1m[36m (1.8ms)[0m  [1mCREATE UNIQUE INDEX "unique_schema_migrations" ON "schema_migrations" ("version")[0m
  [1m[35mActiveRecord::SchemaMigration Load (0.2ms)[0m  SELECT "schema_migrations".* FROM "schema_migrations"
Migrating to CreateUsers (20150619191918)
  [1m[36m (0.1ms)[0m  [1mbegin transaction[0m
  [1m[35m (0.5ms)[0m  CREATE TABLE "users" ("id" INTEGER PRIMARY KEY AUTOINCREMENT NOT NULL, "name" varchar, "email" varchar, "username" varchar, "password_hash" varchar, "account_type" varchar, "pin" integer, "charity_id" integer, "created_at" datetime NOT NULL, "updated_at" datetime NOT NULL) 
  [1m[36mSQL (0.3ms)[0m  [1mINSERT INTO "schema_migrations" ("version") VALUES (?)[0m  [["version", "20150619191918"]]
  [1m[35m (1.4ms)[0m  commit transaction
Migrating to CreateTransactions (20150619191926)
  [1m[36mActiveRecord::SchemaMigration Load (0.1ms)[0m  [1mSELECT "schema_migrations".* FROM "schema_migrations"[0m
Migrating to CreateTransactions (20150619191926)
  [1m[35m (0.1ms)[0m  begin transaction
  [1m[36m (0.4ms)[0m  [1mCREATE TABLE "transactions" ("id" INTEGER PRIMARY KEY AUTOINCREMENT NOT NULL, "user_id" integer, "charity_id" integer, "transaction_account" varchar, "transaction_id" varchar, "amount" decimal(10,2), "date" date, "name" varchar, "pending" boolean, "created_at" datetime NOT NULL, "updated_at" datetime NOT NULL) [0m
  [1m[35mSQL (0.3ms)[0m  INSERT INTO "schema_migrations" ("version") VALUES (?)  [["version", "20150619191926"]]
  [1m[36m (1.6ms)[0m  [1mcommit transaction[0m
Migrating to CreateDonations (20150619191933)
  [1m[35m (0.1ms)[0m  begin transaction
  [1m[36m (0.5ms)[0m  [1mCREATE TABLE "donations" ("id" INTEGER PRIMARY KEY AUTOINCREMENT NOT NULL, "user_id" integer, "charity_id" integer, "amount" decimal(10,2), "datetime" datetime, "pending" boolean, "created_at" datetime NOT NULL, "updated_at" datetime NOT NULL) [0m
  [1m[35mSQL (0.2ms)[0m  INSERT INTO "schema_migrations" ("version") VALUES (?)  [["version", "20150619191933"]]
  [1m[36m (1.2ms)[0m  [1mcommit transaction[0m
Migrating to CreateCharities (20150619191939)
  [1m[35m (0.1ms)[0m  begin transaction
  [1m[36m (0.4ms)[0m  [1mCREATE TABLE "charities" ("id" INTEGER PRIMARY KEY AUTOINCREMENT NOT NULL, "name" varchar, "paypal_id" varchar, "description" text, "created_at" datetime NOT NULL, "updated_at" datetime NOT NULL) [0m
  [1m[35mSQL (0.1ms)[0m  INSERT INTO "schema_migrations" ("version") VALUES (?)  [["version", "20150619191939"]]
  [1m[36m (2.3ms)[0m  [1mcommit transaction[0m
Migrating to CreateCharges (20150619191943)
  [1m[35m (0.1ms)[0m  begin transaction
  [1m[36m (0.4ms)[0m  [1mCREATE TABLE "charges" ("id" INTEGER PRIMARY KEY AUTOINCREMENT NOT NULL, "user_id" integer, "amount" decimal(10,2), "datetime" datetime, "pending" boolean, "created_at" datetime NOT NULL, "updated_at" datetime NOT NULL) [0m
  [1m[35mSQL (0.1ms)[0m  INSERT INTO "schema_migrations" ("version") VALUES (?)  [["version", "20150619191943"]]
  [1m[36m (1.6ms)[0m  [1mcommit transaction[0m
  [1m[35mActiveRecord::SchemaMigration Load (0.1ms)[0m  SELECT "schema_migrations".* FROM "schema_migrations"
  [1m[36mUser Load (1.8ms)[0m  [1mSELECT "users".* FROM "users"[0m
  [1m[35mTransaction Load (0.3ms)[0m  SELECT "transactions".* FROM "transactions"
  [1m[36mDonation Load (0.3ms)[0m  [1mSELECT "donations".* FROM "donations"[0m
  [1m[35mCharge Load (0.2ms)[0m  SELECT "charges".* FROM "charges"
  [1m[36mCharity Load (0.4ms)[0m  [1mSELECT "charities".* FROM "charities"[0m
  [1m[36m (2.1ms)[0m  [1mCREATE TABLE "charges" ("id" INTEGER PRIMARY KEY AUTOINCREMENT NOT NULL, "user_id" integer, "amount" decimal(10,2), "datetime" datetime, "pending" boolean, "created_at" datetime NOT NULL, "updated_at" datetime NOT NULL) [0m
  [1m[35m (1.5ms)[0m  CREATE TABLE "charities" ("id" INTEGER PRIMARY KEY AUTOINCREMENT NOT NULL, "name" varchar, "paypal_id" varchar, "description" text, "created_at" datetime NOT NULL, "updated_at" datetime NOT NULL) 
  [1m[36m (1.4ms)[0m  [1mCREATE TABLE "donations" ("id" INTEGER PRIMARY KEY AUTOINCREMENT NOT NULL, "user_id" integer, "charity_id" integer, "amount" decimal(10,2), "datetime" datetime, "pending" boolean, "created_at" datetime NOT NULL, "updated_at" datetime NOT NULL) [0m
  [1m[35m (1.9ms)[0m  CREATE TABLE "transactions" ("id" INTEGER PRIMARY KEY AUTOINCREMENT NOT NULL, "user_id" integer, "charity_id" integer, "transaction_account" varchar, "transaction_id" varchar, "amount" decimal(10,2), "date" date, "name" varchar, "pending" boolean, "created_at" datetime NOT NULL, "updated_at" datetime NOT NULL) 
  [1m[36m (1.2ms)[0m  [1mCREATE TABLE "users" ("id" INTEGER PRIMARY KEY AUTOINCREMENT NOT NULL, "name" varchar, "email" varchar, "username" varchar, "password_hash" varchar, "account_type" varchar, "pin" integer, "charity_id" integer, "created_at" datetime NOT NULL, "updated_at" datetime NOT NULL) [0m
  [1m[35m (1.6ms)[0m  CREATE TABLE "schema_migrations" ("version" varchar NOT NULL) 
  [1m[36m (0.1ms)[0m  [1mselect sqlite_version(*)[0m
  [1m[35m (1.2ms)[0m  CREATE UNIQUE INDEX "unique_schema_migrations" ON "schema_migrations" ("version")
  [1m[36m (0.2ms)[0m  [1mSELECT version FROM "schema_migrations"[0m
  [1m[35m (1.2ms)[0m  INSERT INTO "schema_migrations" (version) VALUES ('20150619191943')
  [1m[36m (1.2ms)[0m  [1mINSERT INTO "schema_migrations" (version) VALUES ('20150619191918')[0m
  [1m[35m (1.3ms)[0m  INSERT INTO "schema_migrations" (version) VALUES ('20150619191926')
  [1m[36m (1.5ms)[0m  [1mINSERT INTO "schema_migrations" (version) VALUES ('20150619191933')[0m
  [1m[35m (1.8ms)[0m  INSERT INTO "schema_migrations" (version) VALUES ('20150619191939')
  [1m[36m (1.0ms)[0m  [1mCREATE TABLE "charges" ("id" INTEGER PRIMARY KEY AUTOINCREMENT NOT NULL, "user_id" integer, "amount" decimal(10,2), "datetime" datetime, "pending" boolean, "created_at" datetime NOT NULL, "updated_at" datetime NOT NULL) [0m
  [1m[35m (1.1ms)[0m  CREATE TABLE "charities" ("id" INTEGER PRIMARY KEY AUTOINCREMENT NOT NULL, "name" varchar, "paypal_id" varchar, "description" text, "created_at" datetime NOT NULL, "updated_at" datetime NOT NULL) 
  [1m[36m (1.2ms)[0m  [1mCREATE TABLE "donations" ("id" INTEGER PRIMARY KEY AUTOINCREMENT NOT NULL, "user_id" integer, "charity_id" integer, "amount" decimal(10,2), "datetime" datetime, "pending" boolean, "created_at" datetime NOT NULL, "updated_at" datetime NOT NULL) [0m
  [1m[35m (1.8ms)[0m  CREATE TABLE "transactions" ("id" INTEGER PRIMARY KEY AUTOINCREMENT NOT NULL, "user_id" integer, "charity_id" integer, "transaction_account" varchar, "transaction_id" varchar, "amount" decimal(10,2), "date" date, "name" varchar, "pending" boolean, "created_at" datetime NOT NULL, "updated_at" datetime NOT NULL) 
  [1m[36m (1.4ms)[0m  [1mCREATE TABLE "users" ("id" INTEGER PRIMARY KEY AUTOINCREMENT NOT NULL, "name" varchar, "email" varchar, "username" varchar, "password_hash" varchar, "account_type" varchar, "pin" integer, "charity_id" integer, "created_at" datetime NOT NULL, "updated_at" datetime NOT NULL) [0m
  [1m[35m (1.3ms)[0m  CREATE TABLE "schema_migrations" ("version" varchar NOT NULL) 
  [1m[36m (0.1ms)[0m  [1mselect sqlite_version(*)[0m
  [1m[35m (1.5ms)[0m  CREATE UNIQUE INDEX "unique_schema_migrations" ON "schema_migrations" ("version")
  [1m[36m (0.1ms)[0m  [1mSELECT version FROM "schema_migrations"[0m
  [1m[35m (1.4ms)[0m  INSERT INTO "schema_migrations" (version) VALUES ('20150619191943')
  [1m[36m (1.3ms)[0m  [1mINSERT INTO "schema_migrations" (version) VALUES ('20150619191918')[0m
  [1m[35m (1.3ms)[0m  INSERT INTO "schema_migrations" (version) VALUES ('20150619191926')
  [1m[36m (1.6ms)[0m  [1mINSERT INTO "schema_migrations" (version) VALUES ('20150619191933')[0m
  [1m[35m (1.4ms)[0m  INSERT INTO "schema_migrations" (version) VALUES ('20150619191939')
  [1m[36mActiveRecord::SchemaMigration Load (0.1ms)[0m  [1mSELECT "schema_migrations".* FROM "schema_migrations"[0m
  [1m[36m (2.2ms)[0m  [1mCREATE TABLE "schema_migrations" ("version" varchar NOT NULL) [0m
  [1m[35m (0.1ms)[0m  select sqlite_version(*)
  [1m[36m (0.9ms)[0m  [1mCREATE UNIQUE INDEX "unique_schema_migrations" ON "schema_migrations" ("version")[0m
  [1m[35mActiveRecord::SchemaMigration Load (0.1ms)[0m  SELECT "schema_migrations".* FROM "schema_migrations"
Migrating to CreateUsers (20150619191918)
  [1m[36m (0.1ms)[0m  [1mbegin transaction[0m
  [1m[35m (0.4ms)[0m  CREATE TABLE "users" ("id" INTEGER PRIMARY KEY AUTOINCREMENT NOT NULL, "name" varchar, "email" varchar, "username" varchar, "password_hash" varchar, "account_type" varchar, "charity_id" integer, "created_at" datetime NOT NULL, "updated_at" datetime NOT NULL) 
  [1m[36mSQL (0.2ms)[0m  [1mINSERT INTO "schema_migrations" ("version") VALUES (?)[0m  [["version", "20150619191918"]]
  [1m[35m (1.3ms)[0m  commit transaction
Migrating to CreateTransactions (20150619191926)
  [1m[36m (0.1ms)[0m  [1mbegin transaction[0m
  [1m[35m (0.6ms)[0m  CREATE TABLE "transactions" ("id" INTEGER PRIMARY KEY AUTOINCREMENT NOT NULL, "user_id" integer, "charity_id" integer, "transaction_account" varchar, "transaction_id" varchar, "amount" decimal(10,2), "date" date, "name" varchar, "pending" boolean, "created_at" datetime NOT NULL, "updated_at" datetime NOT NULL) 
  [1m[36mSQL (0.2ms)[0m  [1mINSERT INTO "schema_migrations" ("version") VALUES (?)[0m  [["version", "20150619191926"]]
  [1m[35m (1.0ms)[0m  commit transaction
Migrating to CreateDonations (20150619191933)
  [1m[36m (0.1ms)[0m  [1mbegin transaction[0m
  [1m[35m (0.4ms)[0m  CREATE TABLE "donations" ("id" INTEGER PRIMARY KEY AUTOINCREMENT NOT NULL, "user_id" integer, "charity_id" integer, "amount" decimal(10,2), "datetime" datetime, "pending" boolean, "created_at" datetime NOT NULL, "updated_at" datetime NOT NULL) 
  [1m[36mSQL (0.2ms)[0m  [1mINSERT INTO "schema_migrations" ("version") VALUES (?)[0m  [["version", "20150619191933"]]
  [1m[35m (1.1ms)[0m  commit transaction
Migrating to CreateCharities (20150619191939)
  [1m[36m (0.1ms)[0m  [1mbegin transaction[0m
  [1m[35m (0.4ms)[0m  CREATE TABLE "charities" ("id" INTEGER PRIMARY KEY AUTOINCREMENT NOT NULL, "name" varchar, "paypal_id" varchar, "description" text, "created_at" datetime NOT NULL, "updated_at" datetime NOT NULL) 
  [1m[36mSQL (0.1ms)[0m  [1mINSERT INTO "schema_migrations" ("version") VALUES (?)[0m  [["version", "20150619191939"]]
  [1m[35m (1.3ms)[0m  commit transaction
Migrating to CreateCharges (20150619191943)
  [1m[36m (0.1ms)[0m  [1mbegin transaction[0m
  [1m[35m (0.4ms)[0m  CREATE TABLE "charges" ("id" INTEGER PRIMARY KEY AUTOINCREMENT NOT NULL, "user_id" integer, "amount" decimal(10,2), "datetime" datetime, "pending" boolean, "created_at" datetime NOT NULL, "updated_at" datetime NOT NULL) 
  [1m[36mSQL (0.1ms)[0m  [1mINSERT INTO "schema_migrations" ("version") VALUES (?)[0m  [["version", "20150619191943"]]
  [1m[35m (1.3ms)[0m  commit transaction
  [1m[36mActiveRecord::SchemaMigration Load (0.1ms)[0m  [1mSELECT "schema_migrations".* FROM "schema_migrations"[0m
  [1m[36mActiveRecord::SchemaMigration Load (0.2ms)[0m  [1mSELECT "schema_migrations".* FROM "schema_migrations"[0m
  [1m[36mUser Load (2.6ms)[0m  [1mSELECT "users".* FROM "users"[0m
  [1m[36mActiveRecord::SchemaMigration Load (0.1ms)[0m  [1mSELECT "schema_migrations".* FROM "schema_migrations"[0m
  [1m[35m (0.1ms)[0m  begin transaction
  [1m[36mSQL (451.7ms)[0m  [1mINSERT INTO "users" ("name", "email", "username", "password_hash", "account_type", "charity_id", "created_at", "updated_at") VALUES (?, ?, ?, ?, ?, ?, ?, ?)[0m  [["name", "Tapley Stephenson"], ["email", "tap@gmail.com"], ["username", "plaid_test"], ["password_hash", ""], ["account_type", "wells"], ["charity_id", 1], ["created_at", "2015-06-20 02:09:23.964714"], ["updated_at", "2015-06-20 02:09:23.964714"]]
  [1m[35m (12.7ms)[0m  commit transaction
  [1m[36mActiveRecord::SchemaMigration Load (0.1ms)[0m  [1mSELECT "schema_migrations".* FROM "schema_migrations"[0m
  [1m[36mActiveRecord::SchemaMigration Load (0.1ms)[0m  [1mSELECT "schema_migrations".* FROM "schema_migrations"[0m
  [1m[36mActiveRecord::SchemaMigration Load (0.1ms)[0m  [1mSELECT "schema_migrations".* FROM "schema_migrations"[0m
  [1m[36mActiveRecord::SchemaMigration Load (0.1ms)[0m  [1mSELECT "schema_migrations".* FROM "schema_migrations"[0m
  [1m[36mActiveRecord::SchemaMigration Load (0.1ms)[0m  [1mSELECT "schema_migrations".* FROM "schema_migrations"[0m
  [1m[36mActiveRecord::SchemaMigration Load (0.1ms)[0m  [1mSELECT "schema_migrations".* FROM "schema_migrations"[0m
  [1m[36mActiveRecord::SchemaMigration Load (0.1ms)[0m  [1mSELECT "schema_migrations".* FROM "schema_migrations"[0m
  [1m[35m (0.1ms)[0m  begin transaction
  [1m[36mSQL (0.4ms)[0m  [1mINSERT INTO "users" ("name", "email", "username", "password_hash", "account_type", "charity_id", "created_at", "updated_at") VALUES (?, ?, ?, ?, ?, ?, ?, ?)[0m  [["name", "Tapley Stephenson"], ["email", "tap@gmail.com"], ["username", "plaid_test"], ["password_hash", ""], ["account_type", "wells"], ["charity_id", 1], ["created_at", "2015-06-20 02:42:59.003586"], ["updated_at", "2015-06-20 02:42:59.003586"]]
  [1m[35m (2.1ms)[0m  commit transaction
  [1m[36mActiveRecord::SchemaMigration Load (0.1ms)[0m  [1mSELECT "schema_migrations".* FROM "schema_migrations"[0m
  [1m[35m (0.1ms)[0m  begin transaction
  [1m[36mSQL (0.5ms)[0m  [1mINSERT INTO "users" ("name", "email", "username", "password_hash", "account_type", "charity_id", "created_at", "updated_at") VALUES (?, ?, ?, ?, ?, ?, ?, ?)[0m  [["name", "Tapley Stephenson"], ["email", "tap@gmail.com"], ["username", "plaid_test"], ["password_hash", ""], ["account_type", "wells"], ["charity_id", 1], ["created_at", "2015-06-20 02:43:18.030044"], ["updated_at", "2015-06-20 02:43:18.030044"]]
  [1m[35m (1.9ms)[0m  commit transaction
  [1m[36mActiveRecord::SchemaMigration Load (0.1ms)[0m  [1mSELECT "schema_migrations".* FROM "schema_migrations"[0m
  [1m[35m (0.1ms)[0m  begin transaction
  [1m[36mSQL (0.5ms)[0m  [1mINSERT INTO "users" ("name", "email", "username", "password_hash", "account_type", "charity_id", "created_at", "updated_at") VALUES (?, ?, ?, ?, ?, ?, ?, ?)[0m  [["name", "Tapley Stephenson"], ["email", "tap@gmail.com"], ["username", "plaid_test"], ["password_hash", ""], ["account_type", "wells"], ["charity_id", 1], ["created_at", "2015-06-20 02:43:40.724889"], ["updated_at", "2015-06-20 02:43:40.724889"]]
  [1m[35m (1.8ms)[0m  commit transaction
  [1m[36mUser Load (0.2ms)[0m  [1mSELECT  "users".* FROM "users"  ORDER BY "users"."id" ASC LIMIT 1[0m
  [1m[36m (2.3ms)[0m  [1mCREATE TABLE "schema_migrations" ("version" varchar NOT NULL) [0m
  [1m[35m (0.1ms)[0m  select sqlite_version(*)
  [1m[36m (1.1ms)[0m  [1mCREATE UNIQUE INDEX "unique_schema_migrations" ON "schema_migrations" ("version")[0m
  [1m[35mActiveRecord::SchemaMigration Load (0.1ms)[0m  SELECT "schema_migrations".* FROM "schema_migrations"
Migrating to CreateUsers (20150619191918)
  [1m[36m (0.1ms)[0m  [1mbegin transaction[0m
  [1m[35m (0.4ms)[0m  CREATE TABLE "users" ("id" INTEGER PRIMARY KEY AUTOINCREMENT NOT NULL, "name" varchar, "email" varchar, "username" varchar, "password_hash" varchar, "account_type" varchar, "charity_id" integer, "created_at" datetime NOT NULL, "updated_at" datetime NOT NULL) 
  [1m[36mSQL (0.2ms)[0m  [1mINSERT INTO "schema_migrations" ("version") VALUES (?)[0m  [["version", "20150619191918"]]
  [1m[35m (1.3ms)[0m  commit transaction
Migrating to CreateTransactions (20150619191926)
  [1m[36m (0.1ms)[0m  [1mbegin transaction[0m
  [1m[35m (0.4ms)[0m  CREATE TABLE "transactions" ("id" INTEGER PRIMARY KEY AUTOINCREMENT NOT NULL, "user_id" integer, "charity_id" integer, "transaction_account" varchar, "transaction_id" varchar, "amount" decimal(10,2), "date" date, "name" varchar, "pending" boolean, "created_at" datetime NOT NULL, "updated_at" datetime NOT NULL) 
  [1m[36mSQL (0.2ms)[0m  [1mINSERT INTO "schema_migrations" ("version") VALUES (?)[0m  [["version", "20150619191926"]]
  [1m[35m (1.1ms)[0m  commit transaction
Migrating to CreateDonations (20150619191933)
  [1m[36m (0.1ms)[0m  [1mbegin transaction[0m
  [1m[35m (0.4ms)[0m  CREATE TABLE "donations" ("id" INTEGER PRIMARY KEY AUTOINCREMENT NOT NULL, "user_id" integer, "charity_id" integer, "amount" decimal(10,2), "datetime" datetime, "pending" boolean, "created_at" datetime NOT NULL, "updated_at" datetime NOT NULL) 
  [1m[36mSQL (0.1ms)[0m  [1mINSERT INTO "schema_migrations" ("version") VALUES (?)[0m  [["version", "20150619191933"]]
  [1m[35m (1.0ms)[0m  commit transaction
Migrating to CreateCharities (20150619191939)
  [1m[36m (0.1ms)[0m  [1mbegin transaction[0m
  [1m[35m (0.3ms)[0m  CREATE TABLE "charities" ("id" INTEGER PRIMARY KEY AUTOINCREMENT NOT NULL, "name" varchar, "paypal_id" varchar, "description" text, "created_at" datetime NOT NULL, "updated_at" datetime NOT NULL) 
  [1m[36mSQL (0.2ms)[0m  [1mINSERT INTO "schema_migrations" ("version") VALUES (?)[0m  [["version", "20150619191939"]]
  [1m[35m (2.2ms)[0m  commit transaction
Migrating to CreateCharges (20150619191943)
  [1m[36m (0.1ms)[0m  [1mbegin transaction[0m
  [1m[35m (0.4ms)[0m  CREATE TABLE "charges" ("id" INTEGER PRIMARY KEY AUTOINCREMENT NOT NULL, "user_id" integer, "amount" decimal(10,2), "datetime" datetime, "pending" boolean, "created_at" datetime NOT NULL, "updated_at" datetime NOT NULL) 
  [1m[36mSQL (0.2ms)[0m  [1mINSERT INTO "schema_migrations" ("version") VALUES (?)[0m  [["version", "20150619191943"]]
  [1m[35m (3.9ms)[0m  commit transaction
  [1m[36mActiveRecord::SchemaMigration Load (0.1ms)[0m  [1mSELECT "schema_migrations".* FROM "schema_migrations"[0m
  [1m[36mActiveRecord::SchemaMigration Load (0.1ms)[0m  [1mSELECT "schema_migrations".* FROM "schema_migrations"[0m
  [1m[35m (0.1ms)[0m  begin transaction
  [1m[36mSQL (0.5ms)[0m  [1mINSERT INTO "users" ("name", "email", "username", "password_hash", "account_type", "charity_id", "created_at", "updated_at") VALUES (?, ?, ?, ?, ?, ?, ?, ?)[0m  [["name", "Tapley Stephenson"], ["email", "tap@gmail.com"], ["username", "plaid_test"], ["password_hash", ""], ["account_type", "wells"], ["charity_id", 1], ["created_at", "2015-06-20 02:45:07.387786"], ["updated_at", "2015-06-20 02:45:07.387786"]]
  [1m[35m (1.9ms)[0m  commit transaction
  [1m[36mActiveRecord::SchemaMigration Load (0.1ms)[0m  [1mSELECT "schema_migrations".* FROM "schema_migrations"[0m
  [1m[36mActiveRecord::SchemaMigration Load (0.1ms)[0m  [1mSELECT "schema_migrations".* FROM "schema_migrations"[0m
  [1m[35m (0.1ms)[0m  begin transaction
  [1m[36mSQL (0.5ms)[0m  [1mINSERT INTO "users" ("name", "email", "username", "password_hash", "account_type", "charity_id", "created_at", "updated_at") VALUES (?, ?, ?, ?, ?, ?, ?, ?)[0m  [["name", "Tapley Stephenson"], ["email", "tap@gmail.com"], ["username", "plaid_test"], ["password_hash", ""], ["account_type", "wells"], ["charity_id", 1], ["created_at", "2015-06-20 02:46:53.551602"], ["updated_at", "2015-06-20 02:46:53.551602"]]
  [1m[35m (1.9ms)[0m  commit transaction
  [1m[36mActiveRecord::SchemaMigration Load (0.1ms)[0m  [1mSELECT "schema_migrations".* FROM "schema_migrations"[0m
  [1m[36mActiveRecord::SchemaMigration Load (0.1ms)[0m  [1mSELECT "schema_migrations".* FROM "schema_migrations"[0m
  [1m[36mActiveRecord::SchemaMigration Load (0.1ms)[0m  [1mSELECT "schema_migrations".* FROM "schema_migrations"[0m
  [1m[36mActiveRecord::SchemaMigration Load (0.1ms)[0m  [1mSELECT "schema_migrations".* FROM "schema_migrations"[0m
  [1m[36mActiveRecord::SchemaMigration Load (0.1ms)[0m  [1mSELECT "schema_migrations".* FROM "schema_migrations"[0m
  [1m[36mActiveRecord::SchemaMigration Load (0.1ms)[0m  [1mSELECT "schema_migrations".* FROM "schema_migrations"[0m
  [1m[36mActiveRecord::SchemaMigration Load (0.1ms)[0m  [1mSELECT "schema_migrations".* FROM "schema_migrations"[0m
  [1m[36mActiveRecord::SchemaMigration Load (0.1ms)[0m  [1mSELECT "schema_migrations".* FROM "schema_migrations"[0m
  [1m[36mActiveRecord::SchemaMigration Load (0.1ms)[0m  [1mSELECT "schema_migrations".* FROM "schema_migrations"[0m
  [1m[36mActiveRecord::SchemaMigration Load (0.1ms)[0m  [1mSELECT "schema_migrations".* FROM "schema_migrations"[0m
  [1m[36mActiveRecord::SchemaMigration Load (0.1ms)[0m  [1mSELECT "schema_migrations".* FROM "schema_migrations"[0m
  [1m[36mActiveRecord::SchemaMigration Load (0.1ms)[0m  [1mSELECT "schema_migrations".* FROM "schema_migrations"[0m
  [1m[35m (0.1ms)[0m  begin transaction
  [1m[36mSQL (0.5ms)[0m  [1mINSERT INTO "users" ("name", "email", "username", "password_hash", "account_type", "charity_id", "created_at", "updated_at") VALUES (?, ?, ?, ?, ?, ?, ?, ?)[0m  [["name", "Tapley Stephenson"], ["email", "tap@gmail.com"], ["username", "plaid_test"], ["password_hash", ""], ["account_type", "wells"], ["charity_id", 1], ["created_at", "2015-06-20 03:04:13.312536"], ["updated_at", "2015-06-20 03:04:13.312536"]]
  [1m[35m (1.8ms)[0m  commit transaction
DEPRECATION WARNING: You attempted to assign a value which is not explicitly `true` or `false` to a boolean column. Currently this value casts to `false`. This will change to match Ruby's semantics, and will cast to `true` in Rails 5. If you would like to maintain the current behavior, you should explicitly handle the values you would like cast to `false`. (called from block in <top (required)> at /Users/apprentice/Desktop/spare_change/db/seeds.rb:36)
  [1m[36m (0.2ms)[0m  [1mbegin transaction[0m
  [1m[35mSQL (10.8ms)[0m  INSERT INTO "transactions" ("user_id", "charity_id", "transaction_account", "transaction_id", "amount", "date", "pending", "created_at", "updated_at") VALUES (?, ?, ?, ?, ?, ?, ?, ?, ?)  [["user_id", 1], ["charity_id", 1], ["transaction_account", "200"], ["transaction_id", "0AZ0De04KqsreDgVwM1RSRYjyd8yXxSDQ8Zxn"], ["amount", 200.0], ["date", "2014-07-21"], ["pending", "f"], ["created_at", "2015-06-20 03:04:13.420898"], ["updated_at", "2015-06-20 03:04:13.420898"]]
  [1m[36m (10.6ms)[0m  [1mcommit transaction[0m
DEPRECATION WARNING: You attempted to assign a value which is not explicitly `true` or `false` to a boolean column. Currently this value casts to `false`. This will change to match Ruby's semantics, and will cast to `true` in Rails 5. If you would like to maintain the current behavior, you should explicitly handle the values you would like cast to `false`. (called from block in <top (required)> at /Users/apprentice/Desktop/spare_change/db/seeds.rb:36)
  [1m[35m (0.1ms)[0m  begin transaction
  [1m[36mSQL (0.4ms)[0m  [1mINSERT INTO "transactions" ("user_id", "charity_id", "transaction_account", "transaction_id", "amount", "date", "pending", "created_at", "updated_at") VALUES (?, ?, ?, ?, ?, ?, ?, ?, ?)[0m  [["user_id", 1], ["charity_id", 1], ["transaction_account", "240"], ["transaction_id", "3mg4qV4JZycjewvKEzrLTYMzdr1MmvcO4Z3zX"], ["amount", 240.0], ["date", "2014-07-24"], ["pending", "f"], ["created_at", "2015-06-20 03:04:13.448723"], ["updated_at", "2015-06-20 03:04:13.448723"]]
  [1m[35m (1.1ms)[0m  commit transaction
DEPRECATION WARNING: You attempted to assign a value which is not explicitly `true` or `false` to a boolean column. Currently this value casts to `false`. This will change to match Ruby's semantics, and will cast to `true` in Rails 5. If you would like to maintain the current behavior, you should explicitly handle the values you would like cast to `false`. (called from block in <top (required)> at /Users/apprentice/Desktop/spare_change/db/seeds.rb:36)
  [1m[36m (0.1ms)[0m  [1mbegin transaction[0m
  [1m[35mSQL (0.3ms)[0m  INSERT INTO "transactions" ("user_id", "charity_id", "transaction_account", "transaction_id", "amount", "date", "pending", "created_at", "updated_at") VALUES (?, ?, ?, ?, ?, ?, ?, ?, ?)  [["user_id", 1], ["charity_id", 1], ["transaction_account", "2307.15"], ["transaction_id", "KdDjmojBERUKx3JkDdO5IaRJdZeZKNuK4bnKJ1"], ["amount", 2307.15], ["date", "2014-06-23"], ["pending", "f"], ["created_at", "2015-06-20 03:04:13.453060"], ["updated_at", "2015-06-20 03:04:13.453060"]]
  [1m[36m (1.3ms)[0m  [1mcommit transaction[0m
DEPRECATION WARNING: You attempted to assign a value which is not explicitly `true` or `false` to a boolean column. Currently this value casts to `false`. This will change to match Ruby's semantics, and will cast to `true` in Rails 5. If you would like to maintain the current behavior, you should explicitly handle the values you would like cast to `false`. (called from block in <top (required)> at /Users/apprentice/Desktop/spare_change/db/seeds.rb:36)
  [1m[35m (0.1ms)[0m  begin transaction
  [1m[36mSQL (0.3ms)[0m  [1mINSERT INTO "transactions" ("user_id", "charity_id", "transaction_account", "transaction_id", "amount", "date", "pending", "created_at", "updated_at") VALUES (?, ?, ?, ?, ?, ?, ?, ?, ?)[0m  [["user_id", 1], ["charity_id", 1], ["transaction_account", "3.19"], ["transaction_id", "DAE3Yo3wXgskjXV1JqBDIrDBVvjMLDCQ4rMQdR"], ["amount", 3.19], ["date", "2014-06-21"], ["pending", "f"], ["created_at", "2015-06-20 03:04:13.457117"], ["updated_at", "2015-06-20 03:04:13.457117"]]
  [1m[35m (1.2ms)[0m  commit transaction
DEPRECATION WARNING: You attempted to assign a value which is not explicitly `true` or `false` to a boolean column. Currently this value casts to `false`. This will change to match Ruby's semantics, and will cast to `true` in Rails 5. If you would like to maintain the current behavior, you should explicitly handle the values you would like cast to `false`. (called from block in <top (required)> at /Users/apprentice/Desktop/spare_change/db/seeds.rb:36)
  [1m[36m (0.1ms)[0m  [1mbegin transaction[0m
  [1m[35mSQL (0.3ms)[0m  INSERT INTO "transactions" ("user_id", "charity_id", "transaction_account", "transaction_id", "amount", "date", "pending", "created_at", "updated_at") VALUES (?, ?, ?, ?, ?, ?, ?, ?, ?)  [["user_id", 1], ["charity_id", 1], ["transaction_account", "80"], ["transaction_id", "1vAj1Eja5BIn4R7V6Mp1hBPQgkryZRHryZ0rDY"], ["amount", 80.0], ["date", "2014-06-08"], ["pending", "f"], ["created_at", "2015-06-20 03:04:13.461285"], ["updated_at", "2015-06-20 03:04:13.461285"]]
  [1m[36m (2.1ms)[0m  [1mcommit transaction[0m
DEPRECATION WARNING: You attempted to assign a value which is not explicitly `true` or `false` to a boolean column. Currently this value casts to `false`. This will change to match Ruby's semantics, and will cast to `true` in Rails 5. If you would like to maintain the current behavior, you should explicitly handle the values you would like cast to `false`. (called from block in <top (required)> at /Users/apprentice/Desktop/spare_change/db/seeds.rb:36)
  [1m[35m (0.1ms)[0m  begin transaction
  [1m[36mSQL (0.4ms)[0m  [1mINSERT INTO "transactions" ("user_id", "charity_id", "transaction_account", "transaction_id", "amount", "date", "pending", "created_at", "updated_at") VALUES (?, ?, ?, ?, ?, ?, ?, ?, ?)[0m  [["user_id", 1], ["charity_id", 1], ["transaction_account", "-240"], ["transaction_id", "zq7MLAM4N3cjeKvXP9YqtBJXvZeajJCkjQakYv"], ["amount", -240.0], ["date", "2014-06-02"], ["pending", "f"], ["created_at", "2015-06-20 03:04:13.465917"], ["updated_at", "2015-06-20 03:04:13.465917"]]
  [1m[35m (2.6ms)[0m  commit transaction
DEPRECATION WARNING: You attempted to assign a value which is not explicitly `true` or `false` to a boolean column. Currently this value casts to `false`. This will change to match Ruby's semantics, and will cast to `true` in Rails 5. If you would like to maintain the current behavior, you should explicitly handle the values you would like cast to `false`. (called from block in <top (required)> at /Users/apprentice/Desktop/spare_change/db/seeds.rb:36)
  [1m[36m (0.1ms)[0m  [1mbegin transaction[0m
  [1m[35mSQL (0.4ms)[0m  INSERT INTO "transactions" ("user_id", "charity_id", "transaction_account", "transaction_id", "amount", "date", "pending", "created_at", "updated_at") VALUES (?, ?, ?, ?, ?, ?, ?, ?, ?)  [["user_id", 1], ["charity_id", 1], ["transaction_account", "240"], ["transaction_id", "96d5AO5gLjC9EowVyn5OCBRjJR9LaOHJnBVJzd"], ["amount", 240.0], ["date", "2014-06-01"], ["pending", "f"], ["created_at", "2015-06-20 03:04:13.471545"], ["updated_at", "2015-06-20 03:04:13.471545"]]
  [1m[36m (1.6ms)[0m  [1mcommit transaction[0m
DEPRECATION WARNING: You attempted to assign a value which is not explicitly `true` or `false` to a boolean column. Currently this value casts to `false`. This will change to match Ruby's semantics, and will cast to `true` in Rails 5. If you would like to maintain the current behavior, you should explicitly handle the values you would like cast to `false`. (called from block in <top (required)> at /Users/apprentice/Desktop/spare_change/db/seeds.rb:36)
  [1m[35m (0.0ms)[0m  begin transaction
  [1m[36mSQL (0.2ms)[0m  [1mINSERT INTO "transactions" ("user_id", "charity_id", "transaction_account", "transaction_id", "amount", "date", "pending", "created_at", "updated_at") VALUES (?, ?, ?, ?, ?, ?, ?, ?, ?)[0m  [["user_id", 1], ["charity_id", 1], ["transaction_account", "-0.93"], ["transaction_id", "VK0EQ5Ea13u9Qwzm6nA8CNaze8gdJoCJvx6JDO"], ["amount", -0.93], ["date", "2014-05-17"], ["pending", "f"], ["created_at", "2015-06-20 03:04:13.475591"], ["updated_at", "2015-06-20 03:04:13.475591"]]
  [1m[35m (1.7ms)[0m  commit transaction
DEPRECATION WARNING: You attempted to assign a value which is not explicitly `true` or `false` to a boolean column. Currently this value casts to `false`. This will change to match Ruby's semantics, and will cast to `true` in Rails 5. If you would like to maintain the current behavior, you should explicitly handle the values you would like cast to `false`. (called from block in <top (required)> at /Users/apprentice/Desktop/spare_change/db/seeds.rb:36)
  [1m[36m (0.0ms)[0m  [1mbegin transaction[0m
  [1m[35mSQL (0.4ms)[0m  INSERT INTO "transactions" ("user_id", "charity_id", "transaction_account", "transaction_id", "amount", "date", "pending", "created_at", "updated_at") VALUES (?, ?, ?, ?, ?, ?, ?, ?, ?)  [["user_id", 1], ["charity_id", 1], ["transaction_account", "12.74"], ["transaction_id", "aJPEm5EVqxF6yk8K5nPeFbDpnPR57wI3xMR3pP"], ["amount", 12.74], ["date", "2014-05-12"], ["pending", "f"], ["created_at", "2015-06-20 03:04:13.479456"], ["updated_at", "2015-06-20 03:04:13.479456"]]
  [1m[36m (2.3ms)[0m  [1mcommit transaction[0m
DEPRECATION WARNING: You attempted to assign a value which is not explicitly `true` or `false` to a boolean column. Currently this value casts to `false`. This will change to match Ruby's semantics, and will cast to `true` in Rails 5. If you would like to maintain the current behavior, you should explicitly handle the values you would like cast to `false`. (called from block in <top (required)> at /Users/apprentice/Desktop/spare_change/db/seeds.rb:36)
  [1m[35m (0.1ms)[0m  begin transaction
  [1m[36mSQL (0.3ms)[0m  [1mINSERT INTO "transactions" ("user_id", "charity_id", "transaction_account", "transaction_id", "amount", "date", "pending", "created_at", "updated_at") VALUES (?, ?, ?, ?, ?, ?, ?, ?, ?)[0m  [["user_id", 1], ["charity_id", 1], ["transaction_account", "7.23"], ["transaction_id", "moPE4dE1yMHJX5pmRzwrcvpQqPdDnZHEKPREYL"], ["amount", 7.23], ["date", "2014-05-09"], ["pending", "f"], ["created_at", "2015-06-20 03:04:13.484534"], ["updated_at", "2015-06-20 03:04:13.484534"]]
  [1m[35m (1.4ms)[0m  commit transaction
DEPRECATION WARNING: You attempted to assign a value which is not explicitly `true` or `false` to a boolean column. Currently this value casts to `false`. This will change to match Ruby's semantics, and will cast to `true` in Rails 5. If you would like to maintain the current behavior, you should explicitly handle the values you would like cast to `false`. (called from block in <top (required)> at /Users/apprentice/Desktop/spare_change/db/seeds.rb:36)
  [1m[36m (0.0ms)[0m  [1mbegin transaction[0m
  [1m[35mSQL (0.3ms)[0m  INSERT INTO "transactions" ("user_id", "charity_id", "transaction_account", "transaction_id", "amount", "date", "pending", "created_at", "updated_at") VALUES (?, ?, ?, ?, ?, ?, ?, ?, ?)  [["user_id", 1], ["charity_id", 1], ["transaction_account", "118.23"], ["transaction_id", "P1xJboJA5Ls31gJrMQEBU5dZD3NmPrH5R6g5jL"], ["amount", 118.23], ["date", "2014-04-26"], ["pending", "f"], ["created_at", "2015-06-20 03:04:13.488478"], ["updated_at", "2015-06-20 03:04:13.488478"]]
  [1m[36m (1.5ms)[0m  [1mcommit transaction[0m
DEPRECATION WARNING: You attempted to assign a value which is not explicitly `true` or `false` to a boolean column. Currently this value casts to `false`. This will change to match Ruby's semantics, and will cast to `true` in Rails 5. If you would like to maintain the current behavior, you should explicitly handle the values you would like cast to `false`. (called from block in <top (required)> at /Users/apprentice/Desktop/spare_change/db/seeds.rb:36)
  [1m[35m (0.0ms)[0m  begin transaction
  [1m[36mSQL (0.2ms)[0m  [1mINSERT INTO "transactions" ("user_id", "charity_id", "transaction_account", "transaction_id", "amount", "date", "pending", "created_at", "updated_at") VALUES (?, ?, ?, ?, ?, ?, ?, ?, ?)[0m  [["user_id", 1], ["charity_id", 1], ["transaction_account", "-800"], ["transaction_id", "dRBp95pEwZfMXENvpw3YHY43VNK4LVSP7RkPpA"], ["amount", -800.0], ["date", "2014-04-20"], ["pending", "f"], ["created_at", "2015-06-20 03:04:13.492203"], ["updated_at", "2015-06-20 03:04:13.492203"]]
  [1m[35m (1.2ms)[0m  commit transaction
DEPRECATION WARNING: You attempted to assign a value which is not explicitly `true` or `false` to a boolean column. Currently this value casts to `false`. This will change to match Ruby's semantics, and will cast to `true` in Rails 5. If you would like to maintain the current behavior, you should explicitly handle the values you would like cast to `false`. (called from block in <top (required)> at /Users/apprentice/Desktop/spare_change/db/seeds.rb:36)
  [1m[36m (0.1ms)[0m  [1mbegin transaction[0m
  [1m[35mSQL (0.3ms)[0m  INSERT INTO "transactions" ("user_id", "charity_id", "transaction_account", "transaction_id", "amount", "date", "pending", "created_at", "updated_at") VALUES (?, ?, ?, ?, ?, ?, ?, ?, ?)  [["user_id", 1], ["charity_id", 1], ["transaction_account", "120"], ["transaction_id", "moPE4dE1yMHJX5pmRzwrcvpkxdopLxtEKPREYo"], ["amount", 120.0], ["date", "2014-04-19"], ["pending", "f"], ["created_at", "2015-06-20 03:04:13.495623"], ["updated_at", "2015-06-20 03:04:13.495623"]]
  [1m[36m (1.7ms)[0m  [1mcommit transaction[0m
DEPRECATION WARNING: You attempted to assign a value which is not explicitly `true` or `false` to a boolean column. Currently this value casts to `false`. This will change to match Ruby's semantics, and will cast to `true` in Rails 5. If you would like to maintain the current behavior, you should explicitly handle the values you would like cast to `false`. (called from block in <top (required)> at /Users/apprentice/Desktop/spare_change/db/seeds.rb:36)
  [1m[35m (0.1ms)[0m  begin transaction
  [1m[36mSQL (0.3ms)[0m  [1mINSERT INTO "transactions" ("user_id", "charity_id", "transaction_account", "transaction_id", "amount", "date", "pending", "created_at", "updated_at") VALUES (?, ?, ?, ?, ?, ?, ?, ?, ?)[0m  [["user_id", 1], ["charity_id", 1], ["transaction_account", "5.32"], ["transaction_id", "JmN0JX0q5EcaQJM9ZbOwUYyyp607m4u3PR63Vn"], ["amount", 5.32], ["date", "2014-04-17"], ["pending", "f"], ["created_at", "2015-06-20 03:04:13.500042"], ["updated_at", "2015-06-20 03:04:13.500042"]]
  [1m[35m (1.1ms)[0m  commit transaction
DEPRECATION WARNING: You attempted to assign a value which is not explicitly `true` or `false` to a boolean column. Currently this value casts to `false`. This will change to match Ruby's semantics, and will cast to `true` in Rails 5. If you would like to maintain the current behavior, you should explicitly handle the values you would like cast to `false`. (called from block in <top (required)> at /Users/apprentice/Desktop/spare_change/db/seeds.rb:36)
  [1m[36m (0.1ms)[0m  [1mbegin transaction[0m
  [1m[35mSQL (0.3ms)[0m  INSERT INTO "transactions" ("user_id", "charity_id", "transaction_account", "transaction_id", "amount", "date", "pending", "created_at", "updated_at") VALUES (?, ?, ?, ?, ?, ?, ?, ?, ?)  [["user_id", 1], ["charity_id", 1], ["transaction_account", "28.57"], ["transaction_id", "4r0aBVa85Kt3BDPk10a4U5OD3XKjE7Hzxpez6B"], ["amount", 28.57], ["date", "2014-04-11"], ["pending", "f"], ["created_at", "2015-06-20 03:04:13.503774"], ["updated_at", "2015-06-20 03:04:13.503774"]]
  [1m[36m (1.5ms)[0m  [1mcommit transaction[0m
DEPRECATION WARNING: You attempted to assign a value which is not explicitly `true` or `false` to a boolean column. Currently this value casts to `false`. This will change to match Ruby's semantics, and will cast to `true` in Rails 5. If you would like to maintain the current behavior, you should explicitly handle the values you would like cast to `false`. (called from block in <top (required)> at /Users/apprentice/Desktop/spare_change/db/seeds.rb:36)
  [1m[35m (0.1ms)[0m  begin transaction
  [1m[36mSQL (0.3ms)[0m  [1mINSERT INTO "transactions" ("user_id", "charity_id", "transaction_account", "transaction_id", "amount", "date", "pending", "created_at", "updated_at") VALUES (?, ?, ?, ?, ?, ?, ?, ?, ?)[0m  [["user_id", 1], ["charity_id", 1], ["transaction_account", "-3042.44"], ["transaction_id", "eJXpMzpR65FP4RYno6yjhBDxgkM6pXC9RKM9o3"], ["amount", -3042.44], ["date", "2014-03-27"], ["pending", "f"], ["created_at", "2015-06-20 03:04:13.507543"], ["updated_at", "2015-06-20 03:04:13.507543"]]
  [1m[35m (1.7ms)[0m  commit transaction
  [1m[36mUser Load (0.2ms)[0m  [1mSELECT  "users".* FROM "users"  ORDER BY "users"."id" ASC LIMIT 1[0m
  [1m[35mUser Load (0.3ms)[0m  SELECT  "users".* FROM "users"  ORDER BY "users"."id" ASC LIMIT 1
  [1m[36mTransaction Load (0.5ms)[0m  [1mSELECT "transactions".* FROM "transactions" WHERE "transactions"."user_id" = ?[0m  [["user_id", 1]]
